<?xml version="1.0" encoding="utf-8"?><testsuites name="pytest tests"><testsuite name="pytest" errors="0" failures="0" skipped="0" tests="16" time="3.853" timestamp="2026-03-06T14:14:49.876124+00:00" hostname="agent-env-ca132cb9-3015-4414-89e6-16565243c9c6"><testcase classname="backend.tests.test_car_application_form.TestCarApplicationAPI" name="test_create_minimal_application" time="0.671" /><testcase classname="backend.tests.test_car_application_form.TestCarApplicationAPI" name="test_create_full_application_section1_client_data" time="0.217" /><testcase classname="backend.tests.test_car_application_form.TestCarApplicationAPI" name="test_create_application_section2_car_params" time="0.223" /><testcase classname="backend.tests.test_car_application_form.TestCarApplicationAPI" name="test_create_application_section3_mileage_condition" time="0.267" /><testcase classname="backend.tests.test_car_application_form.TestCarApplicationAPI" name="test_create_application_section4_options" time="0.232" /><testcase classname="backend.tests.test_car_application_form.TestCarApplicationAPI" name="test_create_application_section5_budget" time="0.213" /><testcase classname="backend.tests.test_car_application_form.TestCarApplicationAPI" name="test_create_application_section6_priorities" time="0.218" /><testcase classname="backend.tests.test_car_application_form.TestCarApplicationAPI" name="test_create_complete_application_all_sections" time="0.251" /><testcase classname="backend.tests.test_car_application_form.TestCarApplicationAPI" name="test_application_appears_in_list" time="0.258" /><testcase classname="backend.tests.test_car_application_form.TestCarApplicationAPI" name="test_application_status_is_new" time="0.260" /><testcase classname="backend.tests.test_car_application_form.TestCarApplicationValidation" name="test_client_type_validation" time="0.211" /><testcase classname="backend.tests.test_car_application_form.TestCarApplicationValidation" name="test_full_name_required" time="0.111" /><testcase classname="backend.tests.test_car_application_form.TestCarApplicationValidation" name="test_numeric_fields_accept_numbers" time="0.110" /><testcase classname="backend.tests.test_car_application_form.TestCarApplicationValidation" name="test_array_fields_accept_arrays" time="0.109" /><testcase classname="backend.tests.test_car_application_form.TestApplicationListEndpoint" name="test_get_applications_list" time="0.130" /><testcase classname="backend.tests.test_car_application_form.TestApplicationListEndpoint" name="test_applications_have_required_fields" time="0.250" /></testsuite></testsuites>