<?xml version="1.0" encoding="utf-8"?><testsuites name="pytest tests"><testsuite name="pytest" errors="0" failures="0" skipped="0" tests="14" time="12.336" timestamp="2026-03-06T15:05:50.635954+00:00" hostname="agent-env-66323efe-f0bd-4b37-8e78-b1eab26ebebb"><testcase classname="backend.tests.test_catalog_landing.TestCatalogBrands" name="test_get_brands_returns_list" time="1.803" /><testcase classname="backend.tests.test_catalog_landing.TestCatalogBrands" name="test_brand_has_required_fields" time="0.123" /><testcase classname="backend.tests.test_catalog_landing.TestCatalogSearch" name="test_search_returns_cars" time="1.481" /><testcase classname="backend.tests.test_catalog_landing.TestCatalogSearch" name="test_car_has_required_fields" time="0.108" /><testcase classname="backend.tests.test_catalog_landing.TestCatalogSearch" name="test_search_with_brand_filter" time="1.196" /><testcase classname="backend.tests.test_catalog_landing.TestCatalogSearch" name="test_search_with_engine_type_filter" time="1.441" /><testcase classname="backend.tests.test_catalog_landing.TestCatalogSearch" name="test_search_pagination" time="1.411" /><testcase classname="backend.tests.test_catalog_landing.TestCatalogSearch" name="test_search_returns_search_links" time="1.212" /><testcase classname="backend.tests.test_catalog_landing.TestCatalogModels" name="test_get_models_for_brand" time="1.342" /><testcase classname="backend.tests.test_catalog_landing.TestCatalogModels" name="test_models_have_required_fields" time="1.642" /><testcase classname="backend.tests.test_catalog_landing.TestHotDeals" name="test_get_hot_deals" time="0.137" /><testcase classname="backend.tests.test_catalog_landing.TestHotDeals" name="test_hot_deal_has_required_fields" time="0.110" /><testcase classname="backend.tests.test_catalog_landing.TestLandingPageIntegration" name="test_catalog_preview_loads" time="0.120" /><testcase classname="backend.tests.test_catalog_landing.TestLandingPageIntegration" name="test_brands_for_popular_links" time="0.118" /></testsuite></testsuites>