<?xml version="1.0" encoding="utf-8"?><testsuites name="pytest tests"><testsuite name="pytest" errors="0" failures="1" skipped="0" tests="17" time="12.922" timestamp="2026-02-24T16:18:09.523965+00:00" hostname="agent-env-79d96d19-b636-46c6-9847-6be18a037994"><testcase classname="backend.tests.test_catalog.TestCatalogBrands" name="test_get_brands_returns_list" time="1.907" /><testcase classname="backend.tests.test_catalog.TestCatalogBrands" name="test_brands_have_required_fields" time="0.165" /><testcase classname="backend.tests.test_catalog.TestCatalogBrands" name="test_brands_sorted_by_count" time="0.250" /><testcase classname="backend.tests.test_catalog.TestCatalogBrands" name="test_brands_include_chinese_brands" time="0.171" /><testcase classname="backend.tests.test_catalog.TestCatalogSearch" name="test_search_returns_cars" time="1.451" /><testcase classname="backend.tests.test_catalog.TestCatalogSearch" name="test_search_cars_have_required_fields" time="0.142" /><testcase classname="backend.tests.test_catalog.TestCatalogSearch" name="test_search_cars_have_rub_prices" time="1.479" /><testcase classname="backend.tests.test_catalog.TestCatalogSearch" name="test_search_cars_have_mileage" time="0.208" /><testcase classname="backend.tests.test_catalog.TestCatalogSearch" name="test_search_cars_have_year" time="0.122" /><testcase classname="backend.tests.test_catalog.TestCatalogSearch" name="test_search_with_brand_filter" time="1.795" /><testcase classname="backend.tests.test_catalog.TestCatalogSearch" name="test_search_pagination" time="1.752" /><testcase classname="backend.tests.test_catalog.TestCatalogSearch" name="test_search_links_present" time="1.429" /><testcase classname="backend.tests.test_catalog.TestCatalogSearch" name="test_search_cars_have_source_marker" time="0.160" /><testcase classname="backend.tests.test_catalog.TestAddToGarage" name="test_add_to_garage_requires_auth" time="0.364" /><testcase classname="backend.tests.test_catalog.TestAddToGarage" name="test_add_to_garage_with_auth" time="0.679"><failure message="AssertionError: Response should contain car ID&#10;assert 'id' in {'garage_id': 'd01af153-420d-42e2-b5fe-479665a174ba', 'message': 'Car added to garage'}">backend/tests/test_catalog.py:272: in test_add_to_garage_with_auth
    assert "id" in data, "Response should contain car ID"
E   AssertionError: Response should contain car ID
E   assert 'id' in {'garage_id': 'd01af153-420d-42e2-b5fe-479665a174ba', 'message': 'Car added to garage'}</failure></testcase><testcase classname="backend.tests.test_catalog.TestAddToGarage" name="test_add_nonexistent_car" time="0.466" /><testcase classname="backend.tests.test_catalog.TestCatalogCarDetails" name="test_get_car_details" time="0.241" /></testsuite></testsuites>