<?xml version="1.0" encoding="utf-8"?><testsuites name="pytest tests"><testsuite name="pytest" errors="0" failures="0" skipped="0" tests="12" time="14.493" timestamp="2026-02-24T16:55:28.104484+00:00" hostname="agent-env-79d96d19-b636-46c6-9847-6be18a037994"><testcase classname="backend.tests.test_catalog_v2.TestCatalogPricesInCNY" name="test_search_returns_cny_prices" time="1.615" /><testcase classname="backend.tests.test_catalog_v2.TestCatalogPricesInCNY" name="test_byd_seagull_price_in_cny" time="2.482" /><testcase classname="backend.tests.test_catalog_v2.TestCatalogImagesFromPaServer" name="test_images_from_pa_server" time="0.212" /><testcase classname="backend.tests.test_catalog_v2.TestCatalogImagesFromPaServer" name="test_image_url_format" time="1.476" /><testcase classname="backend.tests.test_catalog_v2.TestCatalogEngineTypeDetection" name="test_byd_seagull_is_electric" time="0.172" /><testcase classname="backend.tests.test_catalog_v2.TestCatalogEngineTypeDetection" name="test_geely_binrui_is_ice" time="1.279" /><testcase classname="backend.tests.test_catalog_v2.TestCatalogEngineTypeDetection" name="test_engine_types_valid" time="1.442" /><testcase classname="backend.tests.test_catalog_v2.TestCatalogModelFilter" name="test_get_models_for_byd" time="1.501" /><testcase classname="backend.tests.test_catalog_v2.TestCatalogModelFilter" name="test_get_models_for_geely" time="1.366" /><testcase classname="backend.tests.test_catalog_v2.TestCatalogModelFilter" name="test_search_with_model_filter" time="1.305" /><testcase classname="backend.tests.test_catalog_v2.TestCatalogBrandsEndpoint" name="test_brands_include_byd_and_geely" time="0.123" /><testcase classname="backend.tests.test_catalog_v2.TestCatalogSearchLinks" name="test_search_links_present" time="1.450" /></testsuite></testsuites>