<?xml version="1.0" encoding="utf-8"?><testsuites name="pytest tests"><testsuite name="pytest" errors="0" failures="0" skipped="0" tests="20" time="13.244" timestamp="2026-03-06T16:04:18.485054+00:00" hostname="agent-env-66323efe-f0bd-4b37-8e78-b1eab26ebebb"><testcase classname="backend.tests.test_che168_integration.TestChe168CatalogSearch" name="test_catalog_search_returns_data" time="2.260" /><testcase classname="backend.tests.test_che168_integration.TestChe168CatalogSearch" name="test_catalog_search_returns_che168_source" time="0.183" /><testcase classname="backend.tests.test_che168_integration.TestChe168CatalogSearch" name="test_catalog_search_has_required_fields" time="0.137" /><testcase classname="backend.tests.test_che168_integration.TestChe168CatalogSearch" name="test_catalog_search_price_is_numeric" time="0.120" /><testcase classname="backend.tests.test_che168_integration.TestChe168CatalogSearch" name="test_catalog_search_mileage_is_numeric_or_none" time="0.156" /><testcase classname="backend.tests.test_che168_integration.TestChe168CatalogSearch" name="test_catalog_search_year_is_valid" time="0.134" /><testcase classname="backend.tests.test_che168_integration.TestChe168CatalogSearch" name="test_catalog_search_source_url_is_valid" time="0.112" /><testcase classname="backend.tests.test_che168_integration.TestChe168BrandFilter" name="test_search_by_brand_byd" time="2.163" /><testcase classname="backend.tests.test_che168_integration.TestChe168BrandFilter" name="test_search_by_brand_geely" time="2.070" /><testcase classname="backend.tests.test_che168_integration.TestChe168Brands" name="test_brands_returns_list" time="1.276" /><testcase classname="backend.tests.test_che168_integration.TestChe168Brands" name="test_brands_have_required_fields" time="0.113" /><testcase classname="backend.tests.test_che168_integration.TestChe168Brands" name="test_brands_include_popular_brands" time="0.155" /><testcase classname="backend.tests.test_che168_integration.TestChe168Models" name="test_models_for_byd" time="0.115" /><testcase classname="backend.tests.test_che168_integration.TestChe168Models" name="test_models_have_required_fields" time="0.123" /><testcase classname="backend.tests.test_che168_integration.TestChe168Models" name="test_models_for_unknown_brand" time="1.328" /><testcase classname="backend.tests.test_che168_integration.TestChe168DataQuality" name="test_image_urls_are_valid" time="0.155" /><testcase classname="backend.tests.test_che168_integration.TestChe168DataQuality" name="test_engine_type_is_valid" time="0.133" /><testcase classname="backend.tests.test_che168_integration.TestChe168DataQuality" name="test_body_type_is_valid" time="0.136" /><testcase classname="backend.tests.test_che168_integration.TestChe168Pagination" name="test_pagination_page_1" time="0.174" /><testcase classname="backend.tests.test_che168_integration.TestChe168Pagination" name="test_pagination_page_2" time="2.092" /></testsuite></testsuites>