<?xml version="1.0" encoding="utf-8"?><testsuites name="pytest tests"><testsuite name="pytest" errors="0" failures="0" skipped="0" tests="12" time="1.748" timestamp="2026-04-14T07:46:22.467538+00:00" hostname="agent-env-491d3d4d-21cf-4d08-b1c6-0f744d94ccd1"><testcase classname="backend.tests.test_contractor_profile_page.TestContractorPublicProfilePage" name="test_get_contractor_page_success" time="0.256" /><testcase classname="backend.tests.test_contractor_profile_page.TestContractorPublicProfilePage" name="test_contractor_data_fields" time="0.138" /><testcase classname="backend.tests.test_contractor_profile_page.TestContractorPublicProfilePage" name="test_contractor_contact_info" time="0.151" /><testcase classname="backend.tests.test_contractor_profile_page.TestContractorPublicProfilePage" name="test_profile_data_structure" time="0.148" /><testcase classname="backend.tests.test_contractor_profile_page.TestContractorPublicProfilePage" name="test_files_is_list" time="0.107" /><testcase classname="backend.tests.test_contractor_profile_page.TestContractorPublicProfilePage" name="test_nonexistent_contractor_returns_404" time="0.133" /><testcase classname="backend.tests.test_contractor_profile_page.TestContractorPublicProfilePage" name="test_no_auth_required" time="0.123" /><testcase classname="backend.tests.test_contractor_profile_page.TestContractorsListEndpoint" name="test_get_contractors_list" time="0.124" /><testcase classname="backend.tests.test_contractor_profile_page.TestContractorsListEndpoint" name="test_contractors_by_type" time="0.128" /><testcase classname="backend.tests.test_contractor_profile_page.TestContractorsListEndpoint" name="test_contractor_has_services" time="0.105" /><testcase classname="backend.tests.test_contractor_profile_page.TestContractorApprovalFlow" name="test_approved_contractor_in_list" time="0.125" /><testcase classname="backend.tests.test_contractor_profile_page.TestContractorApprovalFlow" name="test_contractor_verified_status" time="0.114" /></testsuite></testsuites>