<?xml version="1.0" encoding="utf-8"?><testsuites name="pytest tests"><testsuite name="pytest" errors="0" failures="0" skipped="0" tests="16" time="3.327" timestamp="2026-03-26T21:49:13.041245+00:00" hostname="agent-env-491d3d4d-21cf-4d08-b1c6-0f744d94ccd1"><testcase classname="backend.tests.test_contractor_profile.TestContractorProfileBackend" name="test_get_profile_requires_auth" time="0.315" /><testcase classname="backend.tests.test_contractor_profile.TestContractorProfileBackend" name="test_get_profile_returns_data" time="0.525" /><testcase classname="backend.tests.test_contractor_profile.TestContractorProfileBackend" name="test_get_profile_has_ola_cars_data" time="0.112" /><testcase classname="backend.tests.test_contractor_profile.TestContractorProfileBackend" name="test_update_profile_requires_auth" time="0.107" /><testcase classname="backend.tests.test_contractor_profile.TestContractorProfileBackend" name="test_update_profile_saves_fields" time="0.502" /><testcase classname="backend.tests.test_contractor_profile.TestContractorProfileBackend" name="test_upload_file_requires_auth" time="0.099" /><testcase classname="backend.tests.test_contractor_profile.TestContractorProfileBackend" name="test_upload_file_works" time="0.152" /><testcase classname="backend.tests.test_contractor_profile.TestContractorProfileBackend" name="test_delete_file_requires_auth" time="0.157" /><testcase classname="backend.tests.test_contractor_profile.TestContractorProfileBackend" name="test_delete_file_works" time="0.218" /><testcase classname="backend.tests.test_contractor_profile.TestContractorProfileBackend" name="test_delete_nonexistent_file_returns_404" time="0.121" /><testcase classname="backend.tests.test_contractor_profile.TestContractorProfileBackend" name="test_download_file_public" time="0.399" /><testcase classname="backend.tests.test_contractor_profile.TestContractorProfileBackend" name="test_download_nonexistent_file_returns_404" time="0.114" /><testcase classname="backend.tests.test_contractor_profile.TestContractorProfileBackend" name="test_public_page_no_auth_required" time="0.110" /><testcase classname="backend.tests.test_contractor_profile.TestContractorProfileBackend" name="test_public_page_returns_full_data" time="0.114" /><testcase classname="backend.tests.test_contractor_profile.TestContractorProfileBackend" name="test_public_page_ola_cars_data" time="0.110" /><testcase classname="backend.tests.test_contractor_profile.TestContractorProfileBackend" name="test_public_page_nonexistent_contractor_returns_404" time="0.102" /></testsuite></testsuites>