<?xml version="1.0" encoding="utf-8"?><testsuites name="pytest tests"><testsuite name="pytest" errors="0" failures="0" skipped="0" tests="17" time="3.168" timestamp="2026-03-28T19:24:59.231121+00:00" hostname="agent-env-491d3d4d-21cf-4d08-b1c6-0f744d94ccd1"><testcase classname="backend.tests.test_contractor_dashboard_enriched.TestContractorDashboardEnriched" name="test_health_endpoint" time="0.295" /><testcase classname="backend.tests.test_contractor_dashboard_enriched.TestContractorDashboardEnriched" name="test_contractor_login" time="0.433" /><testcase classname="backend.tests.test_contractor_dashboard_enriched.TestContractorDashboardEnriched" name="test_contractor_dashboard_returns_tenders" time="0.442" /><testcase classname="backend.tests.test_contractor_dashboard_enriched.TestContractorDashboardEnriched" name="test_tenders_have_enriched_car_request" time="0.112" /><testcase classname="backend.tests.test_contractor_dashboard_enriched.TestContractorDashboardEnriched" name="test_tender_has_client_info_fields" time="0.126" /><testcase classname="backend.tests.test_contractor_dashboard_enriched.TestContractorDashboardEnriched" name="test_tender_has_budget_fields" time="0.110" /><testcase classname="backend.tests.test_contractor_dashboard_enriched.TestContractorDashboardEnriched" name="test_tender_has_technical_specs" time="0.111" /><testcase classname="backend.tests.test_contractor_dashboard_enriched.TestContractorDashboardEnriched" name="test_tender_has_color_interior_fields" time="0.109" /><testcase classname="backend.tests.test_contractor_dashboard_enriched.TestContractorDashboardEnriched" name="test_tender_has_logistics_fields" time="0.113" /><testcase classname="backend.tests.test_contractor_dashboard_enriched.TestContractorDashboardEnriched" name="test_tender_has_priority_fields" time="0.104" /><testcase classname="backend.tests.test_contractor_dashboard_enriched.TestContractorDashboardEnriched" name="test_tender_has_options_fields" time="0.143" /><testcase classname="backend.tests.test_contractor_dashboard_enriched.TestContractorDashboardEnriched" name="test_tender_has_additional_requirements" time="0.107" /><testcase classname="backend.tests.test_contractor_dashboard_enriched.TestContractorDashboardEnriched" name="test_tender_has_allow_damage_field" time="0.149" /><testcase classname="backend.tests.test_contractor_dashboard_enriched.TestContractorDashboardEnriched" name="test_tender_field_count" time="0.129" /><testcase classname="backend.tests.test_contractor_dashboard_enriched.TestContractorDashboardAuth" name="test_dashboard_requires_auth" time="0.104" /><testcase classname="backend.tests.test_contractor_dashboard_enriched.TestContractorDashboardAuth" name="test_dashboard_rejects_invalid_token" time="0.107" /><testcase classname="backend.tests.test_contractor_dashboard_enriched.TestContractorDashboardAuth" name="test_contractor_login_wrong_password" time="0.329" /></testsuite></testsuites>