<?xml version="1.0" encoding="utf-8"?><testsuites name="pytest tests"><testsuite name="pytest" errors="0" failures="1" skipped="0" tests="12" time="4.991" timestamp="2026-03-27T12:30:00.424361+00:00" hostname="agent-env-491d3d4d-21cf-4d08-b1c6-0f744d94ccd1"><testcase classname="backend.tests.test_contractor_application_files.TestContractorApplicationFiles" name="test_get_application_files_returns_list" time="0.148" /><testcase classname="backend.tests.test_contractor_application_files.TestContractorApplicationFiles" name="test_get_application_files_nonexistent_app" time="0.098" /><testcase classname="backend.tests.test_contractor_application_files.TestContractorApplicationFiles" name="test_upload_file_to_application" time="0.119" /><testcase classname="backend.tests.test_contractor_application_files.TestContractorApplicationFiles" name="test_upload_file_nonexistent_app" time="0.114" /><testcase classname="backend.tests.test_contractor_application_files.TestContractorApplicationFiles" name="test_upload_file_with_different_categories" time="0.602" /><testcase classname="backend.tests.test_contractor_application_files.TestContractorApplicationFiles" name="test_download_file" time="0.277" /><testcase classname="backend.tests.test_contractor_application_files.TestContractorApplicationFiles" name="test_download_nonexistent_file" time="0.106" /><testcase classname="backend.tests.test_contractor_application_files.TestContractorApplicationFiles" name="test_moderator_applications_includes_files" time="0.517" /><testcase classname="backend.tests.test_contractor_application_files.TestContractorApplicationFiles" name="test_moderator_applications_requires_auth" time="0.122" /><testcase classname="backend.tests.test_contractor_application_files.TestContractorApplicationFiles" name="test_contractor_register_returns_application_id" time="0.789" /><testcase classname="backend.tests.test_contractor_application_files.TestContractorApplicationFiles" name="test_contractor_register_duplicate_email" time="0.726"><failure message="AssertionError: Expected 400 for duplicate email, got 200&#10;assert 200 == 400&#10; +  where 200 = &lt;Response [200]&gt;.status_code">backend/tests/test_contractor_application_files.py:290: in test_contractor_register_duplicate_email
    assert response.status_code == 400, f"Expected 400 for duplicate email, got {response.status_code}"
E   AssertionError: Expected 400 for duplicate email, got 200
E   assert 200 == 400
E    +  where 200 = &lt;Response [200]&gt;.status_code</failure></testcase><testcase classname="backend.tests.test_contractor_application_files.TestFileUploadAfterRegistration" name="test_register_and_upload_files" time="1.240" /></testsuite></testsuites>