<?xml version="1.0" encoding="utf-8"?><testsuites name="pytest tests"><testsuite name="pytest" errors="0" failures="0" skipped="2" tests="16" time="4.384" timestamp="2026-03-26T20:56:21.416831+00:00" hostname="agent-env-491d3d4d-21cf-4d08-b1c6-0f744d94ccd1"><testcase classname="backend.tests.test_contractor_offers_files.TestContractorAuth" name="test_contractor_login" time="0.559" /><testcase classname="backend.tests.test_contractor_offers_files.TestContractorDashboard" name="test_dashboard_returns_data" time="0.537" /><testcase classname="backend.tests.test_contractor_offers_files.TestContractorDashboard" name="test_dashboard_no_applications_field" time="0.175" /><testcase classname="backend.tests.test_contractor_offers_files.TestContractorDashboard" name="test_dashboard_contractor_info" time="0.112" /><testcase classname="backend.tests.test_contractor_offers_files.TestContractorOffers" name="test_create_offer_with_car_details" time="0.615" /><testcase classname="backend.tests.test_contractor_offers_files.TestContractorOffers" name="test_create_offer_requires_tender_or_application" time="0.100" /><testcase classname="backend.tests.test_contractor_offers_files.TestOfferFileUpload" name="test_upload_photo_to_offer" time="0.736" /><testcase classname="backend.tests.test_contractor_offers_files.TestOfferFileUpload" name="test_get_offer_files" time="0.112" /><testcase classname="backend.tests.test_contractor_offers_files.TestOfferFileUpload" name="test_upload_to_nonexistent_offer" time="0.141" /><testcase classname="backend.tests.test_contractor_offers_files.TestOfferFileDownload" name="test_download_without_token_fails" time="0.125" /><testcase classname="backend.tests.test_contractor_offers_files.TestOfferFileDownload" name="test_download_with_invalid_token_fails" time="0.162" /><testcase classname="backend.tests.test_contractor_offers_files.TestOfferFileDownload" name="test_download_nonexistent_file" time="0.158"><skipped type="pytest.skip" message="User login failed">/app/backend/tests/test_contractor_offers_files.py:335: User login failed</skipped></testcase><testcase classname="backend.tests.test_contractor_offers_files.TestContractorPublicProfile" name="test_get_public_profile" time="0.445" /><testcase classname="backend.tests.test_contractor_offers_files.TestContractorPublicProfile" name="test_public_profile_no_password" time="0.109" /><testcase classname="backend.tests.test_contractor_offers_files.TestContractorPublicProfile" name="test_nonexistent_contractor_profile" time="0.116" /><testcase classname="backend.tests.test_contractor_offers_files.TestTendersEndpoint" name="test_tenders_endpoint_works" time="0.106"><skipped type="pytest.skip" message="User login failed">/app/backend/tests/test_contractor_offers_files.py:404: User login failed</skipped></testcase></testsuite></testsuites>