<?xml version="1.0" encoding="utf-8"?><testsuites name="pytest tests"><testsuite name="pytest" errors="0" failures="2" skipped="1" tests="19" time="8.339" timestamp="2026-03-05T11:56:11.734293+00:00" hostname="agent-env-f3df8b57-c6e1-47f8-9937-18feae92e6c0"><testcase classname="backend.tests.test_dashboard_redesign.TestDashboardRedesignAPIs" name="test_account_summary_returns_balance" time="0.443" /><testcase classname="backend.tests.test_dashboard_redesign.TestDashboardRedesignAPIs" name="test_account_summary_requires_auth" time="0.450" /><testcase classname="backend.tests.test_dashboard_redesign.TestDashboardRedesignAPIs" name="test_deals_list_endpoint" time="0.383" /><testcase classname="backend.tests.test_dashboard_redesign.TestDashboardRedesignAPIs" name="test_deals_request_assistance_endpoint_exists" time="0.388" /><testcase classname="backend.tests.test_dashboard_redesign.TestDashboardRedesignAPIs" name="test_deals_add_car_endpoint_exists" time="0.374" /><testcase classname="backend.tests.test_dashboard_redesign.TestDashboardRedesignAPIs" name="test_deals_add_car_requires_verification" time="0.489" /><testcase classname="backend.tests.test_dashboard_redesign.TestDashboardRedesignAPIs" name="test_applications_list_endpoint" time="0.393" /><testcase classname="backend.tests.test_dashboard_redesign.TestDashboardRedesignAPIs" name="test_applications_request_manager_help_endpoint_exists" time="0.497" /><testcase classname="backend.tests.test_dashboard_redesign.TestDashboardRedesignAPIs" name="test_applications_start_tender_endpoint_exists" time="0.445"><failure message="AssertionError: Endpoint not found for app None&#10;assert 404 != 404&#10; +  where 404 = &lt;Response [404]&gt;.status_code">backend/tests/test_dashboard_redesign.py:209: in test_applications_start_tender_endpoint_exists
    assert response.status_code != 404, f"Endpoint not found for app {app_id}"
E   AssertionError: Endpoint not found for app None
E   assert 404 != 404
E    +  where 404 = &lt;Response [404]&gt;.status_code</failure></testcase><testcase classname="backend.tests.test_dashboard_redesign.TestDashboardRedesignAPIs" name="test_garage_list_endpoint" time="0.408" /><testcase classname="backend.tests.test_dashboard_redesign.TestDashboardRedesignAPIs" name="test_garage_add_car" time="0.515" /><testcase classname="backend.tests.test_dashboard_redesign.TestDashboardRedesignAPIs" name="test_tenders_list_endpoint" time="0.376" /><testcase classname="backend.tests.test_dashboard_redesign.TestDashboardRedesignAPIs" name="test_tenders_create_requires_contract" time="0.399" /><testcase classname="backend.tests.test_dashboard_redesign.TestDashboardRedesignAPIs" name="test_dashboard_statistics_data" time="0.568" /><testcase classname="backend.tests.test_dashboard_redesign.TestDashboardRedesignFees" name="test_consultant_fee_is_200" time="0.397" /><testcase classname="backend.tests.test_dashboard_redesign.TestDashboardRedesignFees" name="test_deal_add_fee_is_300" time="0.373"><skipped type="pytest.skip" message="Could not create test car">/app/backend/tests/test_dashboard_redesign.py:399: Could not create test car</skipped></testcase><testcase classname="backend.tests.test_dashboard_redesign.TestDashboardRedesignFees" name="test_tender_from_deal_is_free" time="0.379" /><testcase classname="backend.tests.test_dashboard_redesign.TestDashboardRedesignIntegration" name="test_full_garage_to_tender_flow" time="0.536" /><testcase classname="backend.tests.test_dashboard_redesign.TestDashboardRedesignIntegration" name="test_application_to_tender_flow" time="0.427"><failure message="AssertionError: assert None in ['156a4e0b-9503-4fdb-b701-b89f1d19d884', '25eb732e-475b-4a2d-b773-76a8e4f95e64', '7bef6455-d26f-4964-a394-a8b2c301efa5', 'f4ab134b-fa2a-42e6-b276-d8baeede112d', 'bc0d85a0-9244-4677-a239-a254f773e4cf', 'ce942b09-245b-424b-9bbc-0af14421d603', ...]">backend/tests/test_dashboard_redesign.py:493: in test_application_to_tender_flow
    assert app_id in app_ids
E   AssertionError: assert None in ['156a4e0b-9503-4fdb-b701-b89f1d19d884', '25eb732e-475b-4a2d-b773-76a8e4f95e64', '7bef6455-d26f-4964-a394-a8b2c301efa5', 'f4ab134b-fa2a-42e6-b276-d8baeede112d', 'bc0d85a0-9244-4677-a239-a254f773e4cf', 'ce942b09-245b-424b-9bbc-0af14421d603', ...]</failure></testcase></testsuite></testsuites>