<?xml version="1.0" encoding="utf-8"?><testsuites name="pytest tests"><testsuite name="pytest" errors="0" failures="10" skipped="3" tests="19" time="7.929" timestamp="2026-03-05T11:55:42.082127+00:00" hostname="agent-env-f3df8b57-c6e1-47f8-9937-18feae92e6c0"><testcase classname="backend.tests.test_dashboard_redesign.TestDashboardRedesignAPIs" name="test_account_summary_returns_balance" time="0.561"><failure message="assert 401 == 200&#10; +  where 401 = &lt;Response [401]&gt;.status_code">backend/tests/test_dashboard_redesign.py:50: in test_account_summary_returns_balance
    assert response.status_code == 200
E   assert 401 == 200
E    +  where 401 = &lt;Response [401]&gt;.status_code</failure></testcase><testcase classname="backend.tests.test_dashboard_redesign.TestDashboardRedesignAPIs" name="test_account_summary_requires_auth" time="0.506" /><testcase classname="backend.tests.test_dashboard_redesign.TestDashboardRedesignAPIs" name="test_deals_list_endpoint" time="0.394"><failure message="assert 401 == 200&#10; +  where 401 = &lt;Response [401]&gt;.status_code">backend/tests/test_dashboard_redesign.py:78: in test_deals_list_endpoint
    assert response.status_code == 200
E   assert 401 == 200
E    +  where 401 = &lt;Response [401]&gt;.status_code</failure></testcase><testcase classname="backend.tests.test_dashboard_redesign.TestDashboardRedesignAPIs" name="test_deals_request_assistance_endpoint_exists" time="0.378" /><testcase classname="backend.tests.test_dashboard_redesign.TestDashboardRedesignAPIs" name="test_deals_add_car_endpoint_exists" time="0.371"><failure message="AssertionError: Unexpected status: 401&#10;assert 401 in [400, 403, 404]&#10; +  where 401 = &lt;Response [401]&gt;.status_code">backend/tests/test_dashboard_redesign.py:111: in test_deals_add_car_endpoint_exists
    assert response.status_code in [400, 403, 404], f"Unexpected status: {response.status_code}"
E   AssertionError: Unexpected status: 401
E   assert 401 in [400, 403, 404]
E    +  where 401 = &lt;Response [401]&gt;.status_code</failure></testcase><testcase classname="backend.tests.test_dashboard_redesign.TestDashboardRedesignAPIs" name="test_deals_add_car_requires_verification" time="0.391" /><testcase classname="backend.tests.test_dashboard_redesign.TestDashboardRedesignAPIs" name="test_applications_list_endpoint" time="0.381"><failure message="assert 401 == 200&#10; +  where 401 = &lt;Response [401]&gt;.status_code">backend/tests/test_dashboard_redesign.py:153: in test_applications_list_endpoint
    assert response.status_code == 200
E   assert 401 == 200
E    +  where 401 = &lt;Response [401]&gt;.status_code</failure></testcase><testcase classname="backend.tests.test_dashboard_redesign.TestDashboardRedesignAPIs" name="test_applications_request_manager_help_endpoint_exists" time="0.377"><skipped type="pytest.skip" message="Could not create test application">/app/backend/tests/test_dashboard_redesign.py:187: Could not create test application</skipped></testcase><testcase classname="backend.tests.test_dashboard_redesign.TestDashboardRedesignAPIs" name="test_applications_start_tender_endpoint_exists" time="0.398"><skipped type="pytest.skip" message="Could not create test application">/app/backend/tests/test_dashboard_redesign.py:217: Could not create test application</skipped></testcase><testcase classname="backend.tests.test_dashboard_redesign.TestDashboardRedesignAPIs" name="test_garage_list_endpoint" time="0.395"><failure message="assert 401 == 200&#10; +  where 401 = &lt;Response [401]&gt;.status_code">backend/tests/test_dashboard_redesign.py:224: in test_garage_list_endpoint
    assert response.status_code == 200
E   assert 401 == 200
E    +  where 401 = &lt;Response [401]&gt;.status_code</failure></testcase><testcase classname="backend.tests.test_dashboard_redesign.TestDashboardRedesignAPIs" name="test_garage_add_car" time="0.366"><failure message="assert 401 == 200&#10; +  where 401 = &lt;Response [401]&gt;.status_code">backend/tests/test_dashboard_redesign.py:243: in test_garage_add_car
    assert response.status_code == 200
E   assert 401 == 200
E    +  where 401 = &lt;Response [401]&gt;.status_code</failure></testcase><testcase classname="backend.tests.test_dashboard_redesign.TestDashboardRedesignAPIs" name="test_tenders_list_endpoint" time="0.368"><failure message="assert 401 == 200&#10; +  where 401 = &lt;Response [401]&gt;.status_code">backend/tests/test_dashboard_redesign.py:263: in test_tenders_list_endpoint
    assert response.status_code == 200
E   assert 401 == 200
E    +  where 401 = &lt;Response [401]&gt;.status_code</failure></testcase><testcase classname="backend.tests.test_dashboard_redesign.TestDashboardRedesignAPIs" name="test_tenders_create_requires_contract" time="0.382" /><testcase classname="backend.tests.test_dashboard_redesign.TestDashboardRedesignAPIs" name="test_dashboard_statistics_data" time="0.582"><failure message="AssertionError: Garage endpoint failed&#10;assert 401 == 200&#10; +  where 401 = &lt;Response [401]&gt;.status_code">backend/tests/test_dashboard_redesign.py:307: in test_dashboard_statistics_data
    assert garage_response.status_code == 200, "Garage endpoint failed"
E   AssertionError: Garage endpoint failed
E   assert 401 == 200
E    +  where 401 = &lt;Response [401]&gt;.status_code</failure></testcase><testcase classname="backend.tests.test_dashboard_redesign.TestDashboardRedesignFees" name="test_consultant_fee_is_200" time="0.392" /><testcase classname="backend.tests.test_dashboard_redesign.TestDashboardRedesignFees" name="test_deal_add_fee_is_300" time="0.374"><skipped type="pytest.skip" message="Could not create test car">/app/backend/tests/test_dashboard_redesign.py:399: Could not create test car</skipped></testcase><testcase classname="backend.tests.test_dashboard_redesign.TestDashboardRedesignFees" name="test_tender_from_deal_is_free" time="0.372" /><testcase classname="backend.tests.test_dashboard_redesign.TestDashboardRedesignIntegration" name="test_full_garage_to_tender_flow" time="0.373"><failure message="assert 401 == 200&#10; +  where 401 = &lt;Response [401]&gt;.status_code">backend/tests/test_dashboard_redesign.py:450: in test_full_garage_to_tender_flow
    assert garage_response.status_code == 200
E   assert 401 == 200
E    +  where 401 = &lt;Response [401]&gt;.status_code</failure></testcase><testcase classname="backend.tests.test_dashboard_redesign.TestDashboardRedesignIntegration" name="test_application_to_tender_flow" time="0.394"><failure message="assert 401 == 200&#10; +  where 401 = &lt;Response [401]&gt;.status_code">backend/tests/test_dashboard_redesign.py:484: in test_application_to_tender_flow
    assert create_response.status_code == 200
E   assert 401 == 200
E    +  where 401 = &lt;Response [401]&gt;.status_code</failure></testcase></testsuite></testsuites>