<?xml version="1.0" encoding="utf-8"?><testsuites name="pytest tests"><testsuite name="pytest" errors="0" failures="0" skipped="0" tests="17" time="7.099" timestamp="2026-03-28T20:34:34.463895+00:00" hostname="agent-env-491d3d4d-21cf-4d08-b1c6-0f744d94ccd1"><testcase classname="backend.tests.test_deals_refactoring.TestDealsRefactoring" name="test_get_user_deals" time="0.623" /><testcase classname="backend.tests.test_deals_refactoring.TestDealsRefactoring" name="test_get_completed_deals" time="0.415" /><testcase classname="backend.tests.test_deals_refactoring.TestDealsRefactoring" name="test_get_specific_deal" time="0.402" /><testcase classname="backend.tests.test_deals_refactoring.TestDealsRefactoring" name="test_get_deal_messages" time="0.657" /><testcase classname="backend.tests.test_deals_refactoring.TestDealsRefactoring" name="test_send_deal_message" time="0.382" /><testcase classname="backend.tests.test_deals_refactoring.TestDealsRefactoring" name="test_get_deal_files" time="0.391" /><testcase classname="backend.tests.test_deals_refactoring.TestDealsRefactoring" name="test_public_file_download_requires_token" time="0.138" /><testcase classname="backend.tests.test_deals_refactoring.TestDealsRefactoring" name="test_public_file_download_with_token" time="0.407" /><testcase classname="backend.tests.test_deals_refactoring.TestDealsRefactoring" name="test_get_stage_messages" time="0.381" /><testcase classname="backend.tests.test_deals_refactoring.TestDealsRefactoring" name="test_get_contractor_deals" time="0.385" /><testcase classname="backend.tests.test_deals_refactoring.TestDealsRefactoring" name="test_get_contractor_stage_messages" time="0.418" /><testcase classname="backend.tests.test_deals_refactoring.TestDealsRefactoring" name="test_get_moderator_pending_stages" time="0.405" /><testcase classname="backend.tests.test_deals_refactoring.TestDealsRefactoring" name="test_get_moderator_deals" time="0.421" /><testcase classname="backend.tests.test_deals_refactoring.TestDealsRefactoring" name="test_get_account_summary" time="0.404" /><testcase classname="backend.tests.test_deals_refactoring.TestDealsRefactoring" name="test_get_deal_unread_counts" time="0.386" /><testcase classname="backend.tests.test_deals_refactoring.TestDealsRefactoring" name="test_consultant_request_requires_balance" time="0.406" /><testcase classname="backend.tests.test_deals_refactoring.TestConfigConstants" name="test_config_imports" time="0.410" /></testsuite></testsuites>