<?xml version="1.0" encoding="utf-8"?><testsuites name="pytest tests"><testsuite name="pytest" errors="0" failures="0" skipped="0" tests="13" time="8.063" timestamp="2026-03-11T18:00:59.744110+00:00" hostname="agent-env-84ebeeac-92ec-42b5-9e3b-5da47b6ba2e8"><testcase classname="backend.tests.test_garage_price_calculation.TestAuthentication" name="test_login_test_user" time="0.495" /><testcase classname="backend.tests.test_garage_price_calculation.TestAuthentication" name="test_login_admin_user" time="0.374" /><testcase classname="backend.tests.test_garage_price_calculation.TestAuthentication" name="test_login_invalid_credentials" time="0.160" /><testcase classname="backend.tests.test_garage_price_calculation.TestAuthentication" name="test_auth_me_endpoint" time="0.504" /><testcase classname="backend.tests.test_garage_price_calculation.TestGaragePriceCalculation" name="test_add_car_to_garage_with_price_calculation" time="1.365" /><testcase classname="backend.tests.test_garage_price_calculation.TestGaragePriceCalculation" name="test_add_ice_car_with_price_calculation" time="0.750" /><testcase classname="backend.tests.test_garage_price_calculation.TestGaragePriceCalculation" name="test_add_hybrid_car_with_price_calculation" time="0.531" /><testcase classname="backend.tests.test_garage_price_calculation.TestGaragePriceCalculation" name="test_get_garage_returns_calculated_prices" time="0.524" /><testcase classname="backend.tests.test_garage_price_calculation.TestGaragePriceCalculation" name="test_garage_requires_authentication" time="0.119" /><testcase classname="backend.tests.test_garage_price_calculation.TestCalculatorEndpoint" name="test_calculator_electric_car" time="0.112" /><testcase classname="backend.tests.test_garage_price_calculation.TestCalculatorEndpoint" name="test_calculator_ice_car" time="0.124" /><testcase classname="backend.tests.test_garage_price_calculation.TestBcryptWarning" name="test_multiple_auth_operations_no_bcrypt_warning" time="1.932" /><testcase classname="backend.tests.test_garage_price_calculation.TestCleanup" name="test_cleanup_test_cars" time="0.916" /></testsuite></testsuites>