<?xml version="1.0" encoding="utf-8"?><testsuites name="pytest tests"><testsuite name="pytest" errors="0" failures="2" skipped="4" tests="15" time="6.889" timestamp="2026-03-26T19:15:20.545259+00:00" hostname="agent-env-491d3d4d-21cf-4d08-b1c6-0f744d94ccd1"><testcase classname="backend.tests.test_help_requests.TestHelpRequestsAuth" name="test_help_requests_requires_auth" time="0.295"><failure message="AssertionError: Expected 401, got 403&#10;assert 403 == 401&#10; +  where 403 = &lt;Response [403]&gt;.status_code">backend/tests/test_help_requests.py:23: in test_help_requests_requires_auth
    assert response.status_code == 401, f"Expected 401, got {response.status_code}"
E   AssertionError: Expected 401, got 403
E   assert 403 == 401
E    +  where 403 = &lt;Response [403]&gt;.status_code</failure></testcase><testcase classname="backend.tests.test_help_requests.TestHelpRequestsAuth" name="test_moderator_help_requests_requires_auth" time="0.153"><failure message="AssertionError: Expected 401, got 403&#10;assert 403 == 401&#10; +  where 403 = &lt;Response [403]&gt;.status_code">backend/tests/test_help_requests.py:29: in test_moderator_help_requests_requires_auth
    assert response.status_code == 401, f"Expected 401, got {response.status_code}"
E   AssertionError: Expected 401, got 403
E   assert 403 == 401
E    +  where 403 = &lt;Response [403]&gt;.status_code</failure></testcase><testcase classname="backend.tests.test_help_requests.TestUserHelpRequests" name="test_get_user_help_requests" time="0.157"><skipped type="pytest.skip" message="Login failed: 401">/app/backend/tests/test_help_requests.py:48: Login failed: 401</skipped></testcase><testcase classname="backend.tests.test_help_requests.TestUserHelpRequests" name="test_create_help_request" time="0.145"><skipped type="pytest.skip" message="Login failed: 401">/app/backend/tests/test_help_requests.py:57: Login failed: 401</skipped></testcase><testcase classname="backend.tests.test_help_requests.TestUserHelpRequests" name="test_get_specific_help_request" time="0.133"><skipped type="pytest.skip" message="Login failed: 401">/app/backend/tests/test_help_requests.py:80: Login failed: 401</skipped></testcase><testcase classname="backend.tests.test_help_requests.TestUserHelpRequests" name="test_send_message_to_help_request" time="0.159"><skipped type="pytest.skip" message="Login failed: 401">/app/backend/tests/test_help_requests.py:102: Login failed: 401</skipped></testcase><testcase classname="backend.tests.test_help_requests.TestModeratorHelpRequests" name="test_get_all_help_requests" time="0.481" /><testcase classname="backend.tests.test_help_requests.TestModeratorHelpRequests" name="test_get_available_managers" time="0.564" /><testcase classname="backend.tests.test_help_requests.TestModeratorHelpRequests" name="test_get_specific_help_request_moderator" time="0.646" /><testcase classname="backend.tests.test_help_requests.TestModeratorHelpRequests" name="test_assign_manager_to_help_request" time="0.487" /><testcase classname="backend.tests.test_help_requests.TestModeratorHelpRequests" name="test_send_message_as_moderator" time="1.032" /><testcase classname="backend.tests.test_help_requests.TestModeratorHelpRequests" name="test_close_help_request" time="0.704" /><testcase classname="backend.tests.test_help_requests.TestHelpRequestsErrorHandling" name="test_get_nonexistent_help_request" time="0.517" /><testcase classname="backend.tests.test_help_requests.TestHelpRequestsErrorHandling" name="test_assign_without_manager_id" time="0.603" /><testcase classname="backend.tests.test_help_requests.TestHelpRequestsErrorHandling" name="test_assign_nonexistent_manager" time="0.604" /></testsuite></testsuites>