<?xml version="1.0" encoding="utf-8"?><testsuites name="pytest tests"><testsuite name="pytest" errors="0" failures="0" skipped="0" tests="15" time="3.542" timestamp="2026-03-03T21:36:19.867703+00:00" hostname="agent-env-cbff9cd4-373e-489e-a34b-afe62a30c0a2"><testcase classname="backend.tests.test_hot_deals.TestHotDealsPublicAPI" name="test_get_hot_deals_list" time="0.152" /><testcase classname="backend.tests.test_hot_deals.TestHotDealsPublicAPI" name="test_get_hot_deals_with_limit" time="0.129" /><testcase classname="backend.tests.test_hot_deals.TestHotDealsPublicAPI" name="test_hot_deal_has_discount_info" time="0.117" /><testcase classname="backend.tests.test_hot_deals.TestHotDealsPublicAPI" name="test_hot_deal_has_timer_info" time="0.140" /><testcase classname="backend.tests.test_hot_deals.TestHotDealsPublicAPI" name="test_hot_deal_has_seller_info" time="0.122" /><testcase classname="backend.tests.test_hot_deals.TestHotDealsPublicAPI" name="test_get_specific_hot_deal" time="0.225" /><testcase classname="backend.tests.test_hot_deals.TestHotDealsPublicAPI" name="test_get_nonexistent_deal_returns_404" time="0.125" /><testcase classname="backend.tests.test_hot_deals.TestHotDealsAuthenticated" name="test_add_hot_deal_to_garage" time="0.720" /><testcase classname="backend.tests.test_hot_deals.TestHotDealsAuthenticated" name="test_add_to_garage_requires_auth" time="0.135" /><testcase classname="backend.tests.test_hot_deals.TestHotDealsAuthenticated" name="test_seller_auto_assigned_as_contractor" time="0.682" /><testcase classname="backend.tests.test_hot_deals.TestHotDealsCreatePermissions" name="test_unauthenticated_user_cannot_create_deal" time="0.138" /><testcase classname="backend.tests.test_hot_deals.TestHotDealsCreatePermissions" name="test_admin_can_create_deal" time="0.437" /><testcase classname="backend.tests.test_hot_deals.TestHotDealsDataIntegrity" name="test_all_deals_have_required_fields" time="0.107" /><testcase classname="backend.tests.test_hot_deals.TestHotDealsDataIntegrity" name="test_demo_deals_exist" time="0.112" /><testcase classname="backend.tests.test_hot_deals.TestHotDealsDataIntegrity" name="test_calculated_price_usd_present" time="0.099" /></testsuite></testsuites>