<?xml version="1.0" encoding="utf-8"?><testsuites name="pytest tests"><testsuite name="pytest" errors="0" failures="2" skipped="0" tests="14" time="4.056" timestamp="2026-03-03T21:31:41.380780+00:00" hostname="agent-env-cbff9cd4-373e-489e-a34b-afe62a30c0a2"><testcase classname="backend.tests.test_hot_deals.TestHotDealsPublicAPI" name="test_get_hot_deals_list" time="0.222" /><testcase classname="backend.tests.test_hot_deals.TestHotDealsPublicAPI" name="test_get_hot_deals_with_limit" time="0.173" /><testcase classname="backend.tests.test_hot_deals.TestHotDealsPublicAPI" name="test_hot_deal_has_discount_info" time="0.159" /><testcase classname="backend.tests.test_hot_deals.TestHotDealsPublicAPI" name="test_hot_deal_has_timer_info" time="0.127" /><testcase classname="backend.tests.test_hot_deals.TestHotDealsPublicAPI" name="test_hot_deal_has_seller_info" time="0.158" /><testcase classname="backend.tests.test_hot_deals.TestHotDealsPublicAPI" name="test_get_specific_hot_deal" time="0.240" /><testcase classname="backend.tests.test_hot_deals.TestHotDealsPublicAPI" name="test_get_nonexistent_deal_returns_404" time="0.110" /><testcase classname="backend.tests.test_hot_deals.TestHotDealsAuthenticated" name="test_add_hot_deal_to_garage" time="0.823"><failure message="AssertionError: Car should be marked as from hot deal&#10;assert None == True&#10; +  where None = &lt;built-in method get of dict object at 0xfaaa83bd5740&gt;('from_hot_deal')&#10; +    where &lt;built-in method get of dict object at 0xfaaa83bd5740&gt; = {'brand': 'Li Auto', 'calculated_price_byn': 148800.0, 'calculated_price_usd': 46500.0, 'contractors': {}, ...}.get">backend/tests/test_hot_deals.py:184: in test_add_hot_deal_to_garage
    assert added_car.get("from_hot_deal") == True, "Car should be marked as from hot deal"
E   AssertionError: Car should be marked as from hot deal
E   assert None == True
E    +  where None = &lt;built-in method get of dict object at 0xfaaa83bd5740&gt;('from_hot_deal')
E    +    where &lt;built-in method get of dict object at 0xfaaa83bd5740&gt; = {'brand': 'Li Auto', 'calculated_price_byn': 148800.0, 'calculated_price_usd': 46500.0, 'contractors': {}, ...}.get</failure></testcase><testcase classname="backend.tests.test_hot_deals.TestHotDealsAuthenticated" name="test_add_to_garage_requires_auth" time="0.150" /><testcase classname="backend.tests.test_hot_deals.TestHotDealsAuthenticated" name="test_seller_auto_assigned_as_contractor" time="0.846" /><testcase classname="backend.tests.test_hot_deals.TestHotDealsCreatePermissions" name="test_regular_user_cannot_create_deal" time="0.529"><failure message="AssertionError: Expected 403, got 200: {&quot;id&quot;:&quot;a5b18cc6-6185-4a43-b6c0-8c678b6fd365&quot;,&quot;brand&quot;:&quot;Test&quot;,&quot;model&quot;:&quot;Car&quot;,&quot;year&quot;:2024,&quot;price_cny&quot;:100000.0,&quot;special_price_cny&quot;:null,&quot;calculated_price_usd&quot;:10400.0,&quot;mileage&quot;:null,&quot;engine_type&quot;:&quot;ice&quot;,&quot;engine_volume&quot;:null,&quot;image_url&quot;:null,&quot;description&quot;:null,&quot;expires_at&quot;:&quot;2026-03-04T21:31:44.929306&quot;,&quot;seller_id&quot;:&quot;5b5b1483-e395-4ff6-9fcd-54c220e6928f&quot;,&quot;seller_name&quot;:&quot;Test User&quot;,&quot;seller_type&quot;:&quot;moderator&quot;,&quot;is_verified_seller&quot;:true,&quot;created_at&quot;:&quot;2026-03-03T21:31:45.037982+00:00&quot;}&#10;assert 200 == 403&#10; +  where 200 = &lt;Response [200]&gt;.status_code">backend/tests/test_hot_deals.py:262: in test_regular_user_cannot_create_deal
    assert response.status_code == 403, f"Expected 403, got {response.status_code}: {response.text}"
E   AssertionError: Expected 403, got 200: {"id":"a5b18cc6-6185-4a43-b6c0-8c678b6fd365","brand":"Test","model":"Car","year":2024,"price_cny":100000.0,"special_price_cny":null,"calculated_price_usd":10400.0,"mileage":null,"engine_type":"ice","engine_volume":null,"image_url":null,"description":null,"expires_at":"2026-03-04T21:31:44.929306","seller_id":"5b5b1483-e395-4ff6-9fcd-54c220e6928f","seller_name":"Test User","seller_type":"moderator","is_verified_seller":true,"created_at":"2026-03-03T21:31:45.037982+00:00"}
E   assert 200 == 403
E    +  where 200 = &lt;Response [200]&gt;.status_code</failure></testcase><testcase classname="backend.tests.test_hot_deals.TestHotDealsDataIntegrity" name="test_all_deals_have_required_fields" time="0.130" /><testcase classname="backend.tests.test_hot_deals.TestHotDealsDataIntegrity" name="test_demo_deals_exist" time="0.117" /><testcase classname="backend.tests.test_hot_deals.TestHotDealsDataIntegrity" name="test_calculated_price_usd_present" time="0.104" /></testsuite></testsuites>