<?xml version="1.0" encoding="utf-8"?><testsuites name="pytest tests"><testsuite name="pytest" errors="0" failures="0" skipped="0" tests="9" time="16.307" timestamp="2026-03-28T21:27:05.238017+00:00" hostname="agent-env-491d3d4d-21cf-4d08-b1c6-0f744d94ccd1"><testcase classname="backend.tests.test_landing_page_content.TestAIChatEndpoint" name="test_chat_endpoint_exists" time="4.399" /><testcase classname="backend.tests.test_landing_page_content.TestAIChatEndpoint" name="test_chat_platform_question_tender" time="1.764" /><testcase classname="backend.tests.test_landing_page_content.TestAIChatEndpoint" name="test_chat_car_search_query" time="1.286" /><testcase classname="backend.tests.test_landing_page_content.TestAIChatEndpoint" name="test_chat_platform_navigation_question" time="5.106" /><testcase classname="backend.tests.test_landing_page_content.TestAIChatEndpoint" name="test_chat_electric_car_query" time="1.275" /><testcase classname="backend.tests.test_landing_page_content.TestLandingPageAPIs" name="test_hot_deals_endpoint" time="0.130" /><testcase classname="backend.tests.test_landing_page_content.TestLandingPageAPIs" name="test_catalog_endpoint" time="0.182" /><testcase classname="backend.tests.test_landing_page_content.TestLandingPageAPIs" name="test_contractors_endpoint" time="0.144" /><testcase classname="backend.tests.test_landing_page_content.TestChatSessionPersistence" name="test_chat_session_continuity" time="1.872" /></testsuite></testsuites>