<?xml version="1.0" encoding="utf-8"?><testsuites name="pytest tests"><testsuite name="pytest" errors="0" failures="0" skipped="0" tests="5" time="14.971" timestamp="2026-04-14T08:11:35.457561+00:00" hostname="agent-env-491d3d4d-21cf-4d08-b1c6-0f744d94ccd1"><testcase classname="backend.tests.test_language_feature.TestAIChatLanguage" name="test_chat_endpoint_with_russian_language" time="6.490" /><testcase classname="backend.tests.test_language_feature.TestAIChatLanguage" name="test_chat_endpoint_with_english_language" time="6.144" /><testcase classname="backend.tests.test_language_feature.TestAIChatLanguage" name="test_chat_endpoint_default_language_is_russian" time="1.896" /><testcase classname="backend.tests.test_language_feature.TestContractorsPageLanguage" name="test_contractors_list_endpoint" time="0.139" /><testcase classname="backend.tests.test_language_feature.TestContractorProfilePageLanguage" name="test_contractor_profile_endpoint" time="0.213" /></testsuite></testsuites>