<?xml version="1.0" encoding="utf-8"?><testsuites name="pytest tests"><testsuite name="pytest" errors="0" failures="0" skipped="0" tests="14" time="4.614" timestamp="2026-03-03T20:44:13.026474+00:00" hostname="agent-env-cbff9cd4-373e-489e-a34b-afe62a30c0a2"><testcase classname="backend.tests.test_leasing.TestLeasingCompanies" name="test_get_leasing_companies" time="0.146" /><testcase classname="backend.tests.test_leasing.TestLeasingCompanies" name="test_leasing_companies_have_required_fields" time="0.120" /><testcase classname="backend.tests.test_leasing.TestLeasingCompanies" name="test_leasing_companies_have_leasing_rate" time="0.124" /><testcase classname="backend.tests.test_leasing.TestLeasingCalculator" name="test_calculate_leasing_basic" time="0.225" /><testcase classname="backend.tests.test_leasing.TestLeasingCalculator" name="test_calculate_leasing_with_company" time="0.119" /><testcase classname="backend.tests.test_leasing.TestLeasingCalculator" name="test_calculate_leasing_different_rates" time="0.287" /><testcase classname="backend.tests.test_leasing.TestLeasingCalculator" name="test_calculate_leasing_down_payment_range" time="0.482" /><testcase classname="backend.tests.test_leasing.TestLeasingCalculator" name="test_calculate_leasing_term_range" time="0.862" /><testcase classname="backend.tests.test_leasing.TestLeasingCalculator" name="test_calculate_leasing_first_payment" time="0.118" /><testcase classname="backend.tests.test_leasing.TestLeasingCalculator" name="test_calculate_leasing_overpayment" time="0.123" /><testcase classname="backend.tests.test_leasing.TestManagerHelp" name="test_manager_help_requires_auth" time="0.115" /><testcase classname="backend.tests.test_leasing.TestManagerHelp" name="test_manager_help_insufficient_balance" time="0.690" /><testcase classname="backend.tests.test_leasing.TestManagerHelp" name="test_manager_help_car_not_found" time="0.451" /><testcase classname="backend.tests.test_leasing.TestGarageContractorAssignment" name="test_assign_leasing_company_to_car" time="0.696" /></testsuite></testsuites>