<?xml version="1.0" encoding="utf-8"?><testsuites name="pytest tests"><testsuite name="pytest" errors="0" failures="1" skipped="0" tests="14" time="4.650" timestamp="2026-03-03T20:43:13.260287+00:00" hostname="agent-env-cbff9cd4-373e-489e-a34b-afe62a30c0a2"><testcase classname="backend.tests.test_leasing.TestLeasingCompanies" name="test_get_leasing_companies" time="0.332" /><testcase classname="backend.tests.test_leasing.TestLeasingCompanies" name="test_leasing_companies_have_required_fields" time="0.120" /><testcase classname="backend.tests.test_leasing.TestLeasingCompanies" name="test_leasing_companies_have_leasing_rate" time="0.127" /><testcase classname="backend.tests.test_leasing.TestLeasingCalculator" name="test_calculate_leasing_basic" time="0.109" /><testcase classname="backend.tests.test_leasing.TestLeasingCalculator" name="test_calculate_leasing_with_company" time="0.111" /><testcase classname="backend.tests.test_leasing.TestLeasingCalculator" name="test_calculate_leasing_different_rates" time="0.223" /><testcase classname="backend.tests.test_leasing.TestLeasingCalculator" name="test_calculate_leasing_down_payment_range" time="0.479" /><testcase classname="backend.tests.test_leasing.TestLeasingCalculator" name="test_calculate_leasing_term_range" time="0.703" /><testcase classname="backend.tests.test_leasing.TestLeasingCalculator" name="test_calculate_leasing_first_payment" time="0.111" /><testcase classname="backend.tests.test_leasing.TestLeasingCalculator" name="test_calculate_leasing_overpayment" time="0.115" /><testcase classname="backend.tests.test_leasing.TestManagerHelp" name="test_manager_help_requires_auth" time="0.120" /><testcase classname="backend.tests.test_leasing.TestManagerHelp" name="test_manager_help_insufficient_balance" time="0.820" /><testcase classname="backend.tests.test_leasing.TestManagerHelp" name="test_manager_help_car_not_found" time="0.555" /><testcase classname="backend.tests.test_leasing.TestGarageContractorAssignment" name="test_assign_leasing_company_to_car" time="0.597"><failure message="assert 422 == 200&#10; +  where 422 = &lt;Response [422]&gt;.status_code">backend/tests/test_leasing.py:274: in test_assign_leasing_company_to_car
    assert response.status_code == 200
E   assert 422 == 200
E    +  where 422 = &lt;Response [422]&gt;.status_code</failure></testcase></testsuite></testsuites>