<?xml version="1.0" encoding="utf-8"?><testsuites name="pytest tests"><testsuite name="pytest" errors="0" failures="1" skipped="0" tests="17" time="7.141" timestamp="2026-03-26T21:13:22.865498+00:00" hostname="agent-env-491d3d4d-21cf-4d08-b1c6-0f744d94ccd1"><testcase classname="backend.tests.test_moderator_tenders_enriched.TestModeratorTendersEnriched" name="test_moderator_tenders_returns_200" time="0.602" /><testcase classname="backend.tests.test_moderator_tenders_enriched.TestModeratorTendersEnriched" name="test_moderator_tenders_returns_list" time="0.405" /><testcase classname="backend.tests.test_moderator_tenders_enriched.TestModeratorTendersEnriched" name="test_tender_has_required_fields" time="0.421" /><testcase classname="backend.tests.test_moderator_tenders_enriched.TestModeratorTendersEnriched" name="test_tender_has_car_request" time="0.394" /><testcase classname="backend.tests.test_moderator_tenders_enriched.TestModeratorTendersEnriched" name="test_tender_has_user_info" time="0.407" /><testcase classname="backend.tests.test_moderator_tenders_enriched.TestModeratorTendersEnriched" name="test_tender_offers_is_list" time="0.421" /><testcase classname="backend.tests.test_moderator_tenders_enriched.TestModeratorTendersEnriched" name="test_offer_has_required_fields" time="0.408" /><testcase classname="backend.tests.test_moderator_tenders_enriched.TestModeratorTendersEnriched" name="test_offer_has_car_details" time="0.469" /><testcase classname="backend.tests.test_moderator_tenders_enriched.TestModeratorTendersEnriched" name="test_offer_has_files_array" time="0.413" /><testcase classname="backend.tests.test_moderator_tenders_enriched.TestModeratorTendersEnriched" name="test_file_has_required_fields" time="0.389" /><testcase classname="backend.tests.test_moderator_tenders_enriched.TestModeratorTendersEnriched" name="test_offer_has_services" time="0.379" /><testcase classname="backend.tests.test_moderator_tenders_enriched.TestModeratorTendersEnriched" name="test_offer_has_contractor_rating" time="0.398" /><testcase classname="backend.tests.test_moderator_tenders_enriched.TestModeratorTendersEnriched" name="test_offers_count_matches" time="0.410" /><testcase classname="backend.tests.test_moderator_tenders_enriched.TestModeratorTendersDelete" name="test_delete_tender_requires_auth" time="0.458" /><testcase classname="backend.tests.test_moderator_tenders_enriched.TestModeratorTendersDelete" name="test_delete_nonexistent_tender_returns_404" time="0.405"><failure message="AssertionError: Expected 404, got 200&#10;assert 200 == 404&#10; +  where 200 = &lt;Response [200]&gt;.status_code">backend/tests/test_moderator_tenders_enriched.py:320: in test_delete_nonexistent_tender_returns_404
    assert response.status_code == 404, f"Expected 404, got {response.status_code}"
E   AssertionError: Expected 404, got 200
E   assert 200 == 404
E    +  where 200 = &lt;Response [200]&gt;.status_code</failure></testcase><testcase classname="backend.tests.test_moderator_tenders_enriched.TestContractorPublicProfile" name="test_public_profile_returns_200" time="0.555" /><testcase classname="backend.tests.test_moderator_tenders_enriched.TestContractorPublicProfile" name="test_public_profile_nonexistent_returns_404" time="0.115" /></testsuite></testsuites>