<?xml version="1.0" encoding="utf-8"?><testsuites name="pytest tests"><testsuite name="pytest" errors="0" failures="0" skipped="0" tests="18" time="3.512" timestamp="2026-03-26T19:35:42.848043+00:00" hostname="agent-env-491d3d4d-21cf-4d08-b1c6-0f744d94ccd1"><testcase classname="backend.tests.test_moderator_stage_features.TestModeratorStageFiles" name="test_get_stage_files_success" time="0.675" /><testcase classname="backend.tests.test_moderator_stage_features.TestModeratorStageFiles" name="test_get_stage_files_has_image" time="0.107" /><testcase classname="backend.tests.test_moderator_stage_features.TestModeratorStageFiles" name="test_get_stage_files_requires_auth" time="0.129" /><testcase classname="backend.tests.test_moderator_stage_features.TestModeratorStageFiles" name="test_get_stage_files_nonexistent_deal" time="0.116" /><testcase classname="backend.tests.test_moderator_stage_features.TestModeratorFileDownload" name="test_download_file_success" time="0.136" /><testcase classname="backend.tests.test_moderator_stage_features.TestModeratorFileDownload" name="test_download_file_requires_auth" time="0.124" /><testcase classname="backend.tests.test_moderator_stage_features.TestModeratorFileDownload" name="test_download_nonexistent_file" time="0.118" /><testcase classname="backend.tests.test_moderator_stage_features.TestModeratorStageMessages" name="test_get_stage_messages_success" time="0.118" /><testcase classname="backend.tests.test_moderator_stage_features.TestModeratorStageMessages" name="test_get_stage_messages_includes_moderator_messages" time="0.113" /><testcase classname="backend.tests.test_moderator_stage_features.TestModeratorStageMessages" name="test_get_stage_messages_requires_auth" time="0.144" /><testcase classname="backend.tests.test_moderator_stage_features.TestModeratorStageMessages" name="test_get_stage_messages_nonexistent_deal" time="0.111" /><testcase classname="backend.tests.test_moderator_stage_features.TestModeratorSendStageMessage" name="test_send_moderator_message_success" time="0.717" /><testcase classname="backend.tests.test_moderator_stage_features.TestModeratorSendStageMessage" name="test_send_empty_message_fails" time="0.114" /><testcase classname="backend.tests.test_moderator_stage_features.TestModeratorSendStageMessage" name="test_send_whitespace_message_fails" time="0.108" /><testcase classname="backend.tests.test_moderator_stage_features.TestModeratorSendStageMessage" name="test_send_message_requires_auth" time="0.181" /><testcase classname="backend.tests.test_moderator_stage_features.TestModeratorSendStageMessage" name="test_send_message_nonexistent_deal" time="0.125" /><testcase classname="backend.tests.test_moderator_stage_features.TestPendingStagesEndpoint" name="test_get_pending_stages_success" time="0.155" /><testcase classname="backend.tests.test_moderator_stage_features.TestPendingStagesEndpoint" name="test_get_pending_stages_requires_auth" time="0.144" /></testsuite></testsuites>