<?xml version="1.0" encoding="utf-8"?><testsuites name="pytest tests"><testsuite name="pytest" errors="0" failures="0" skipped="0" tests="17" time="7.746" timestamp="2026-03-04T16:42:03.609741+00:00" hostname="agent-env-549bf1f0-1d42-4544-9120-5928167e2d48"><testcase classname="backend.tests.test_moderator_user_management.TestModeratorUserManagement" name="test_get_user_full_profile_success" time="0.545" /><testcase classname="backend.tests.test_moderator_user_management.TestModeratorUserManagement" name="test_get_user_full_profile_not_found" time="0.480" /><testcase classname="backend.tests.test_moderator_user_management.TestModeratorUserManagement" name="test_get_user_full_profile_unauthorized" time="0.533" /><testcase classname="backend.tests.test_moderator_user_management.TestModeratorUserManagement" name="test_verify_user_approve" time="0.415" /><testcase classname="backend.tests.test_moderator_user_management.TestModeratorUserManagement" name="test_verify_user_reject" time="0.423" /><testcase classname="backend.tests.test_moderator_user_management.TestModeratorUserManagement" name="test_verify_user_invalid_action" time="0.402" /><testcase classname="backend.tests.test_moderator_user_management.TestModeratorUserManagement" name="test_sign_contract_approve" time="0.421" /><testcase classname="backend.tests.test_moderator_user_management.TestModeratorUserManagement" name="test_sign_contract_reject" time="0.432" /><testcase classname="backend.tests.test_moderator_user_management.TestModeratorUserManagement" name="test_verify_document_not_found" time="0.416" /><testcase classname="backend.tests.test_moderator_user_management.TestModeratorUserManagement" name="test_verify_document_invalid_action" time="0.395" /><testcase classname="backend.tests.test_moderator_user_management.TestModeratorUserManagement" name="test_approve_deal_stage_not_found" time="0.443" /><testcase classname="backend.tests.test_moderator_user_management.TestModeratorUserManagement" name="test_approve_deal_stage_invalid_action" time="0.390" /><testcase classname="backend.tests.test_moderator_user_management.TestModeratorUserManagement" name="test_get_all_users_admin" time="0.415" /><testcase classname="backend.tests.test_moderator_user_management.TestModeratorUserManagement" name="test_get_pending_approvals" time="0.406" /><testcase classname="backend.tests.test_moderator_user_management.TestModeratorUserManagementIntegration" name="test_full_verification_flow" time="0.529" /><testcase classname="backend.tests.test_moderator_user_management.TestModeratorUserManagementIntegration" name="test_full_contract_flow" time="0.593" /><testcase classname="backend.tests.test_moderator_user_management.TestModeratorPageNavigation" name="test_users_list_for_navigation" time="0.422" /></testsuite></testsuites>