<?xml version="1.0" encoding="utf-8"?><testsuites name="pytest tests"><testsuite name="pytest" errors="0" failures="1" skipped="0" tests="17" time="7.884" timestamp="2026-03-04T16:38:09.809261+00:00" hostname="agent-env-549bf1f0-1d42-4544-9120-5928167e2d48"><testcase classname="backend.tests.test_moderator_user_management.TestModeratorUserManagement" name="test_get_user_full_profile_success" time="0.531"><failure message="AssertionError: User should have role&#10;assert 'role' in {'created_at': '2026-02-24T11:50:56.620562+00:00', 'email': 'test@carbridge.by', 'id': '77c8ed94-c132-4056-8b6a-a065ee32c9ee', 'name': 'Тест Юзер', ...}">backend/tests/test_moderator_user_management.py:66: in test_get_user_full_profile_success
    assert "role" in user, "User should have role"
E   AssertionError: User should have role
E   assert 'role' in {'created_at': '2026-02-24T11:50:56.620562+00:00', 'email': 'test@carbridge.by', 'id': '77c8ed94-c132-4056-8b6a-a065ee32c9ee', 'name': 'Тест Юзер', ...}</failure></testcase><testcase classname="backend.tests.test_moderator_user_management.TestModeratorUserManagement" name="test_get_user_full_profile_not_found" time="0.407" /><testcase classname="backend.tests.test_moderator_user_management.TestModeratorUserManagement" name="test_get_user_full_profile_unauthorized" time="0.479" /><testcase classname="backend.tests.test_moderator_user_management.TestModeratorUserManagement" name="test_verify_user_approve" time="0.473" /><testcase classname="backend.tests.test_moderator_user_management.TestModeratorUserManagement" name="test_verify_user_reject" time="0.484" /><testcase classname="backend.tests.test_moderator_user_management.TestModeratorUserManagement" name="test_verify_user_invalid_action" time="0.427" /><testcase classname="backend.tests.test_moderator_user_management.TestModeratorUserManagement" name="test_sign_contract_approve" time="0.409" /><testcase classname="backend.tests.test_moderator_user_management.TestModeratorUserManagement" name="test_sign_contract_reject" time="0.415" /><testcase classname="backend.tests.test_moderator_user_management.TestModeratorUserManagement" name="test_verify_document_not_found" time="0.401" /><testcase classname="backend.tests.test_moderator_user_management.TestModeratorUserManagement" name="test_verify_document_invalid_action" time="0.405" /><testcase classname="backend.tests.test_moderator_user_management.TestModeratorUserManagement" name="test_approve_deal_stage_not_found" time="0.429" /><testcase classname="backend.tests.test_moderator_user_management.TestModeratorUserManagement" name="test_approve_deal_stage_invalid_action" time="0.417" /><testcase classname="backend.tests.test_moderator_user_management.TestModeratorUserManagement" name="test_get_all_users_admin" time="0.515" /><testcase classname="backend.tests.test_moderator_user_management.TestModeratorUserManagement" name="test_get_pending_approvals" time="0.394" /><testcase classname="backend.tests.test_moderator_user_management.TestModeratorUserManagementIntegration" name="test_full_verification_flow" time="0.569" /><testcase classname="backend.tests.test_moderator_user_management.TestModeratorUserManagementIntegration" name="test_full_contract_flow" time="0.537" /><testcase classname="backend.tests.test_moderator_user_management.TestModeratorPageNavigation" name="test_users_list_for_navigation" time="0.392" /></testsuite></testsuites>