<?xml version="1.0" encoding="utf-8"?><testsuites name="pytest tests"><testsuite name="pytest" errors="0" failures="4" skipped="0" tests="30" time="13.214" timestamp="2026-03-04T19:01:33.197040+00:00" hostname="agent-env-549bf1f0-1d42-4544-9120-5928167e2d48"><testcase classname="backend.tests.test_new_features.TestClientVerification" name="test_get_verification_status_initial" time="0.627" /><testcase classname="backend.tests.test_new_features.TestClientVerification" name="test_submit_verification_data" time="0.510" /><testcase classname="backend.tests.test_new_features.TestClientVerification" name="test_get_verification_status_after_submit" time="0.495" /><testcase classname="backend.tests.test_new_features.TestClientVerification" name="test_upload_verification_document" time="0.671" /><testcase classname="backend.tests.test_new_features.TestClientVerification" name="test_upload_document_missing_fields" time="0.499" /><testcase classname="backend.tests.test_new_features.TestClientVerification" name="test_get_contract" time="0.474" /><testcase classname="backend.tests.test_new_features.TestClientVerification" name="test_sign_contract" time="0.612" /><testcase classname="backend.tests.test_new_features.TestCarApplications" name="test_create_application_minimal" time="0.575" /><testcase classname="backend.tests.test_new_features.TestCarApplications" name="test_create_application_full" time="0.452" /><testcase classname="backend.tests.test_new_features.TestCarApplications" name="test_create_application_with_decree_140" time="0.503" /><testcase classname="backend.tests.test_new_features.TestCarApplications" name="test_get_my_applications" time="0.516" /><testcase classname="backend.tests.test_new_features.TestCarApplications" name="test_get_specific_application" time="0.633" /><testcase classname="backend.tests.test_new_features.TestCarApplications" name="test_get_nonexistent_application" time="0.531" /><testcase classname="backend.tests.test_new_features.TestCarApplications" name="test_cancel_application" time="0.715" /><testcase classname="backend.tests.test_new_features.TestCarApplications" name="test_cancel_nonexistent_application" time="0.479" /><testcase classname="backend.tests.test_new_features.TestContractorRegistration" name="test_register_contractor_china" time="0.111" /><testcase classname="backend.tests.test_new_features.TestContractorRegistration" name="test_register_contractor_belarus" time="0.144" /><testcase classname="backend.tests.test_new_features.TestContractorRegistration" name="test_register_contractor_all_services" time="0.120" /><testcase classname="backend.tests.test_new_features.TestContractorRegistration" name="test_register_contractor_duplicate_email" time="0.231" /><testcase classname="backend.tests.test_new_features.TestContractorRegistration" name="test_register_contractor_missing_required_fields" time="0.326" /><testcase classname="backend.tests.test_new_features.TestContractorLogin" name="test_contractor_login_invalid_credentials" time="0.116" /><testcase classname="backend.tests.test_new_features.TestContractorLogin" name="test_contractor_login_unapproved" time="0.240" /><testcase classname="backend.tests.test_new_features.TestContractorDashboard" name="test_dashboard_without_auth" time="0.180"><failure message="assert 404 in [401, 403]&#10; +  where 404 = &lt;Response [404]&gt;.status_code">backend/tests/test_new_features.py:464: in test_dashboard_without_auth
    assert response.status_code in [401, 403]
E   assert 404 in [401, 403]
E    +  where 404 = &lt;Response [404]&gt;.status_code</failure></testcase><testcase classname="backend.tests.test_new_features.TestContractorDashboard" name="test_dashboard_with_invalid_token" time="0.129"><failure message="assert 404 == 401&#10; +  where 404 = &lt;Response [404]&gt;.status_code">backend/tests/test_new_features.py:471: in test_dashboard_with_invalid_token
    assert response.status_code == 401
E   assert 404 == 401
E    +  where 404 = &lt;Response [404]&gt;.status_code</failure></testcase><testcase classname="backend.tests.test_new_features.TestModeratorContractorManagement" name="test_get_contractor_applications" time="0.460" /><testcase classname="backend.tests.test_new_features.TestModeratorContractorManagement" name="test_approve_nonexistent_contractor" time="0.502" /><testcase classname="backend.tests.test_new_features.TestModeratorContractorManagement" name="test_reject_nonexistent_contractor" time="0.477"><failure message="assert 200 == 404&#10; +  where 200 = &lt;Response [200]&gt;.status_code">backend/tests/test_new_features.py:511: in test_reject_nonexistent_contractor
    assert response.status_code == 404
E   assert 200 == 404
E    +  where 200 = &lt;Response [200]&gt;.status_code</failure></testcase><testcase classname="backend.tests.test_new_features.TestContractorOffers" name="test_submit_offer_without_auth" time="0.141" /><testcase classname="backend.tests.test_new_features.TestIntegrationFlows" name="test_full_verification_flow" time="0.616"><failure message="AssertionError: assert 'under_review' == 'pending'&#10;  &#10;  - pending&#10;  + under_review">backend/tests/test_new_features.py:568: in test_full_verification_flow
    assert status_response.json()["status"] == "pending"
E   AssertionError: assert 'under_review' == 'pending'
E     
E     - pending
E     + under_review</failure></testcase><testcase classname="backend.tests.test_new_features.TestIntegrationFlows" name="test_full_application_flow" time="0.906" /></testsuite></testsuites>