<?xml version="1.0" encoding="utf-8"?><testsuites name="pytest tests"><testsuite name="pytest" errors="0" failures="0" skipped="0" tests="11" time="6.982" timestamp="2026-03-28T19:03:59.950974+00:00" hostname="agent-env-491d3d4d-21cf-4d08-b1c6-0f744d94ccd1"><testcase classname="tests.test_parse_url_che168.TestHealthAndCoreAPIs" name="test_health_endpoint" time="0.224" /><testcase classname="tests.test_parse_url_che168.TestHealthAndCoreAPIs" name="test_deals_requires_auth" time="0.126" /><testcase classname="tests.test_parse_url_che168.TestHealthAndCoreAPIs" name="test_garage_requires_auth" time="0.103" /><testcase classname="tests.test_parse_url_che168.TestParseUrlEndpoint" name="test_parse_url_unsupported_domain" time="0.121" /><testcase classname="tests.test_parse_url_che168.TestParseUrlEndpoint" name="test_parse_url_che168_dealer_format" time="1.018" /><testcase classname="tests.test_parse_url_che168.TestParseUrlEndpoint" name="test_parse_url_che168_china_format" time="0.952" /><testcase classname="tests.test_parse_url_che168.TestParseUrlEndpoint" name="test_parse_url_autohome_format" time="0.448" /><testcase classname="tests.test_parse_url_che168.TestParseUrlEndpoint" name="test_parse_url_taoche_format" time="0.494" /><testcase classname="tests.test_parse_url_che168.TestParseUrlEndpoint" name="test_parse_url_che168_invalid_id_format" time="0.109" /><testcase classname="tests.test_parse_url_che168.TestParseUrlWithRealOffer" name="test_parse_url_real_che168_offer" time="2.755" /><testcase classname="tests.test_parse_url_che168.TestAuthenticatedGarageFlow" name="test_garage_list_with_auth" time="0.477" /></testsuite></testsuites>