<?xml version="1.0" encoding="utf-8"?><testsuites name="pytest tests"><testsuite name="pytest" errors="0" failures="0" skipped="2" tests="10" time="2.859" timestamp="2026-03-26T20:16:28.580049+00:00" hostname="agent-env-491d3d4d-21cf-4d08-b1c6-0f744d94ccd1"><testcase classname="backend.tests.test_public_download.TestPublicDownloadEndpoint" name="test_download_without_token_returns_401" time="0.133" /><testcase classname="backend.tests.test_public_download.TestPublicDownloadEndpoint" name="test_download_with_empty_token_returns_401" time="0.318" /><testcase classname="backend.tests.test_public_download.TestPublicDownloadEndpoint" name="test_download_with_invalid_token_returns_401" time="0.114" /><testcase classname="backend.tests.test_public_download.TestPublicDownloadEndpoint" name="test_download_with_malformed_jwt_returns_401" time="0.119" /><testcase classname="backend.tests.test_public_download.TestPublicDownloadEndpoint" name="test_download_nonexistent_file_with_valid_token_returns_404" time="0.473" /><testcase classname="backend.tests.test_public_download.TestPublicDownloadEndpoint" name="test_download_with_admin_token_returns_file" time="0.398" /><testcase classname="backend.tests.test_public_download.TestPublicDownloadEndpoint" name="test_download_with_user_token_access_check" time="0.145"><skipped type="pytest.skip" message="User login failed: 401 - {&quot;detail&quot;:&quot;Invalid credentials&quot;}">/app/backend/tests/test_public_download.py:173: User login failed: 401 - {"detail":"Invalid credentials"}</skipped></testcase><testcase classname="backend.tests.test_public_download.TestPublicDownloadEndpoint" name="test_download_with_contractor_token_access_check" time="0.444" /><testcase classname="backend.tests.test_public_download.TestPublicDownloadEndpoint" name="test_token_url_encoding" time="0.189" /><testcase classname="backend.tests.test_public_download.TestFrontendDownloadIntegration" name="test_frontend_download_url_format" time="0.473"><skipped type="pytest.skip" message="No files found">/app/backend/tests/test_public_download.py:271: No files found</skipped></testcase></testsuite></testsuites>