<?xml version="1.0" encoding="utf-8"?><testsuites name="pytest tests"><testsuite name="pytest" errors="0" failures="0" skipped="0" tests="27" time="14.335" timestamp="2026-03-08T10:51:09.481546+00:00" hostname="agent-env-b4979da0-2b8f-42e7-b855-543de777c922"><testcase classname="backend.tests.test_refactoring_validation.TestHealthCheck" name="test_health_endpoint" time="0.193" /><testcase classname="backend.tests.test_refactoring_validation.TestAuthEndpoints" name="test_register_new_user" time="0.351" /><testcase classname="backend.tests.test_refactoring_validation.TestAuthEndpoints" name="test_register_duplicate_email" time="0.101" /><testcase classname="backend.tests.test_refactoring_validation.TestAuthEndpoints" name="test_login_admin_user" time="0.359" /><testcase classname="backend.tests.test_refactoring_validation.TestAuthEndpoints" name="test_login_standard_user" time="0.324" /><testcase classname="backend.tests.test_refactoring_validation.TestAuthEndpoints" name="test_login_invalid_credentials" time="0.098" /><testcase classname="backend.tests.test_refactoring_validation.TestAuthEndpoints" name="test_get_current_user" time="0.428" /><testcase classname="backend.tests.test_refactoring_validation.TestAuthEndpoints" name="test_get_me_without_token" time="0.100" /><testcase classname="backend.tests.test_refactoring_validation.TestCalculatorEndpoint" name="test_calculator_electric_car" time="0.973" /><testcase classname="backend.tests.test_refactoring_validation.TestCalculatorEndpoint" name="test_calculator_ice_car" time="0.095" /><testcase classname="backend.tests.test_refactoring_validation.TestCalculatorEndpoint" name="test_calculator_hybrid_car" time="0.097" /><testcase classname="backend.tests.test_refactoring_validation.TestCalculatorEndpoint" name="test_calculator_with_decree_140" time="0.102" /><testcase classname="backend.tests.test_refactoring_validation.TestCalculatorEndpoint" name="test_calculator_legal_entity" time="0.095" /><testcase classname="backend.tests.test_refactoring_validation.TestGarageEndpoints" name="test_get_garage_list" time="0.418" /><testcase classname="backend.tests.test_refactoring_validation.TestGarageEndpoints" name="test_add_car_to_garage" time="0.414" /><testcase classname="backend.tests.test_refactoring_validation.TestGarageEndpoints" name="test_add_car_and_verify_in_list" time="0.534" /><testcase classname="backend.tests.test_refactoring_validation.TestGarageEndpoints" name="test_garage_requires_auth" time="0.106" /><testcase classname="backend.tests.test_refactoring_validation.TestCatalogEndpoints" name="test_get_brands" time="1.299" /><testcase classname="backend.tests.test_refactoring_validation.TestCatalogEndpoints" name="test_search_catalog" time="2.042" /><testcase classname="backend.tests.test_refactoring_validation.TestCatalogEndpoints" name="test_search_by_brand" time="2.032" /><testcase classname="backend.tests.test_refactoring_validation.TestCatalogEndpoints" name="test_search_with_pagination" time="2.116" /><testcase classname="backend.tests.test_refactoring_validation.TestCatalogEndpoints" name="test_car_data_structure" time="0.124" /><testcase classname="backend.tests.test_refactoring_validation.TestUserAccountEndpoints" name="test_get_user_account" time="0.434" /><testcase classname="backend.tests.test_refactoring_validation.TestUserAccountEndpoints" name="test_get_account_summary" time="0.428" /><testcase classname="backend.tests.test_refactoring_validation.TestUserAccountEndpoints" name="test_account_requires_auth" time="0.097" /><testcase classname="backend.tests.test_refactoring_validation.TestModularRoutes" name="test_affiliate_status_endpoint" time="0.434" /><testcase classname="backend.tests.test_refactoring_validation.TestModularRoutes" name="test_user_role_endpoint" time="0.416" /></testsuite></testsuites>