<?xml version="1.0" encoding="utf-8"?><testsuites name="pytest tests"><testsuite name="pytest" errors="0" failures="1" skipped="0" tests="21" time="6.815" timestamp="2026-03-27T12:55:21.078133+00:00" hostname="agent-env-491d3d4d-21cf-4d08-b1c6-0f744d94ccd1"><testcase classname="tests.test_telegram_refactor.TestCoreAPIs" name="test_health_endpoint" time="0.183" /><testcase classname="tests.test_telegram_refactor.TestCoreAPIs" name="test_catalog_brands" time="1.294" /><testcase classname="tests.test_telegram_refactor.TestCoreAPIs" name="test_deals_endpoint_requires_auth" time="0.114" /><testcase classname="tests.test_telegram_refactor.TestCoreAPIs" name="test_garage_endpoint_requires_auth" time="0.108" /><testcase classname="tests.test_telegram_refactor.TestUserTelegramEndpoints" name="test_telegram_status_requires_auth" time="0.100" /><testcase classname="tests.test_telegram_refactor.TestUserTelegramEndpoints" name="test_telegram_status_with_auth" time="0.463" /><testcase classname="tests.test_telegram_refactor.TestUserTelegramEndpoints" name="test_telegram_link_requires_auth" time="0.113" /><testcase classname="tests.test_telegram_refactor.TestUserTelegramEndpoints" name="test_telegram_link_with_auth" time="0.835" /><testcase classname="tests.test_telegram_refactor.TestUserTelegramEndpoints" name="test_telegram_unlink_requires_auth" time="0.114" /><testcase classname="tests.test_telegram_refactor.TestUserTelegramEndpoints" name="test_telegram_test_requires_auth" time="0.103" /><testcase classname="tests.test_telegram_refactor.TestContractorTelegramEndpoints" name="test_contractor_telegram_status_requires_auth" time="0.103" /><testcase classname="tests.test_telegram_refactor.TestContractorTelegramEndpoints" name="test_contractor_telegram_status_with_auth" time="0.429" /><testcase classname="tests.test_telegram_refactor.TestContractorTelegramEndpoints" name="test_contractor_telegram_link_requires_auth" time="0.111" /><testcase classname="tests.test_telegram_refactor.TestContractorTelegramEndpoints" name="test_contractor_telegram_link_with_auth" time="0.810" /><testcase classname="tests.test_telegram_refactor.TestContractorTelegramEndpoints" name="test_contractor_telegram_unlink_requires_auth" time="0.112" /><testcase classname="tests.test_telegram_refactor.TestAdminTelegramEndpoints" name="test_admin_telegram_stats_requires_auth" time="0.125" /><testcase classname="tests.test_telegram_refactor.TestAdminTelegramEndpoints" name="test_admin_telegram_stats_with_auth" time="0.493" /><testcase classname="tests.test_telegram_refactor.TestContractorDashboard" name="test_contractor_dashboard_requires_auth" time="0.101" /><testcase classname="tests.test_telegram_refactor.TestContractorDashboard" name="test_contractor_dashboard_with_auth" time="0.443" /><testcase classname="tests.test_telegram_refactor.TestContractorDashboard" name="test_contractor_profile_requires_auth" time="0.114" /><testcase classname="tests.test_telegram_refactor.TestContractorDashboard" name="test_contractor_profile_with_auth" time="0.452"><failure message="AssertionError: Response should have contractor data&#10;assert ('id' in {'about': 'OLa CARS — ваш надёжный партнёр в импорте автомобилей из Китая. Мы предоставляем полный цикл услуг: от подбора и инспекции автомобиля до доставки и оформления в Беларуси. Наша команда работает напрямую с китайскими дилерами и аукционами, обеспечивая лучшие цены и прозрачность каждого этапа сделки.', 'address': 'г. Минск, ул. Притыцкого 156, офис 312', 'certificates': [{'description': 'Выдана Министерством транспорта РБ', 'title': 'Лицензия на международные перевозки'}, {'description': 'Аккредитация для работы с китайскими автоплатформами', 'title': 'Сертификат дилера'}, {'description': 'Полное покрытие CARGO от повреждений при транспортировке', 'title': 'Страхование грузов'}], 'city': 'Минск, Беларусь / Гуанчжоу, Китай', ...} or 'company_name' in {'about': 'OLa CARS — ваш надёжный партнёр в импорте автомобилей из Китая. Мы предоставляем полный цикл услуг: от подбора и инспекции автомобиля до доставки и оформления в Беларуси. Наша команда работает напрямую с китайскими дилерами и аукционами, обеспечивая лучшие цены и прозрачность каждого этапа сделки.', 'address': 'г. Минск, ул. Притыцкого 156, офис 312', 'certificates': [{'description': 'Выдана Министерством транспорта РБ', 'title': 'Лицензия на международные перевозки'}, {'description': 'Аккредитация для работы с китайскими автоплатформами', 'title': 'Сертификат дилера'}, {'description': 'Полное покрытие CARGO от повреждений при транспортировке', 'title': 'Страхование грузов'}], 'city': 'Минск, Беларусь / Гуанчжоу, Китай', ...})">tests/test_telegram_refactor.py:248: in test_contractor_profile_with_auth
    assert "id" in data or "company_name" in data, "Response should have contractor data"
E   AssertionError: Response should have contractor data
E   assert ('id' in {'about': 'OLa CARS — ваш надёжный партнёр в импорте автомобилей из Китая. Мы предоставляем полный цикл услуг: от подбора и инспекции автомобиля до доставки и оформления в Беларуси. Наша команда работает напрямую с китайскими дилерами и аукционами, обеспечивая лучшие цены и прозрачность каждого этапа сделки.', 'address': 'г. Минск, ул. Притыцкого 156, офис 312', 'certificates': [{'description': 'Выдана Министерством транспорта РБ', 'title': 'Лицензия на международные перевозки'}, {'description': 'Аккредитация для работы с китайскими автоплатформами', 'title': 'Сертификат дилера'}, {'description': 'Полное покрытие CARGO от повреждений при транспортировке', 'title': 'Страхование грузов'}], 'city': 'Минск, Беларусь / Гуанчжоу, Китай', ...} or 'company_name' in {'about': 'OLa CARS — ваш надёжный партнёр в импорте автомобилей из Китая. Мы предоставляем полный цикл услуг: от подбора и инспекции автомобиля до доставки и оформления в Беларуси. Наша команда работает напрямую с китайскими дилерами и аукционами, обеспечивая лучшие цены и прозрачность каждого этапа сделки.', 'address': 'г. Минск, ул. Притыцкого 156, офис 312', 'certificates': [{'description': 'Выдана Министерством транспорта РБ', 'title': 'Лицензия на международные перевозки'}, {'description': 'Аккредитация для работы с китайскими автоплатформами', 'title': 'Сертификат дилера'}, {'description': 'Полное покрытие CARGO от повреждений при транспортировке', 'title': 'Страхование грузов'}], 'city': 'Минск, Беларусь / Гуанчжоу, Китай', ...})</failure></testcase></testsuite></testsuites>