<?xml version="1.0" encoding="utf-8"?><testsuites name="pytest tests"><testsuite name="pytest" errors="0" failures="0" skipped="0" tests="10" time="3.654" timestamp="2026-03-26T16:45:37.012532+00:00" hostname="agent-env-491d3d4d-21cf-4d08-b1c6-0f744d94ccd1"><testcase classname="backend.tests.test_telegram_messages_display.TestTelegramMessagesDisplay" name="test_stage_messages_endpoint_returns_source_field" time="0.467" /><testcase classname="backend.tests.test_telegram_messages_display.TestTelegramMessagesDisplay" name="test_stage_messages_endpoint_returns_file_ids_field" time="0.406" /><testcase classname="backend.tests.test_telegram_messages_display.TestTelegramMessagesDisplay" name="test_deal_messages_endpoint_returns_telegram_messages" time="0.403" /><testcase classname="backend.tests.test_telegram_messages_display.TestTelegramMessagesDisplay" name="test_stage_messages_without_contractor" time="0.442" /><testcase classname="backend.tests.test_telegram_messages_display.TestTelegramMessagesDisplay" name="test_file_download_endpoint_exists" time="0.483" /><testcase classname="backend.tests.test_telegram_messages_display.TestDealEndpoints" name="test_get_deal_details" time="0.380" /><testcase classname="backend.tests.test_telegram_messages_display.TestDealEndpoints" name="test_get_deal_files" time="0.380" /><testcase classname="backend.tests.test_telegram_messages_display.TestDealEndpoints" name="test_get_stage_files" time="0.400" /><testcase classname="backend.tests.test_telegram_messages_display.TestAuthenticationRequired" name="test_stage_messages_requires_auth" time="0.131" /><testcase classname="backend.tests.test_telegram_messages_display.TestAuthenticationRequired" name="test_deal_messages_requires_auth" time="0.111" /></testsuite></testsuites>