<?xml version="1.0" encoding="utf-8"?><testsuites name="pytest tests"><testsuite name="pytest" errors="0" failures="0" skipped="5" tests="15" time="7.985" timestamp="2026-03-13T08:13:08.232940+00:00" hostname="agent-env-42a8b103-3a71-445f-9c66-4b4f4fbd520f"><testcase classname="backend.tests.test_telegram_and_stages.TestTelegramIntegration" name="test_telegram_link_generation" time="0.887" /><testcase classname="backend.tests.test_telegram_and_stages.TestTelegramIntegration" name="test_telegram_status_check" time="0.387" /><testcase classname="backend.tests.test_telegram_and_stages.TestTelegramIntegration" name="test_telegram_test_notification_without_link" time="0.446" /><testcase classname="backend.tests.test_telegram_and_stages.TestTelegramIntegration" name="test_telegram_unlink" time="0.439" /><testcase classname="backend.tests.test_telegram_and_stages.TestTelegramIntegration" name="test_telegram_endpoints_require_auth" time="0.560" /><testcase classname="backend.tests.test_telegram_and_stages.TestStageEndpoints" name="test_get_stage_messages_no_deal" time="0.414" /><testcase classname="backend.tests.test_telegram_and_stages.TestStageEndpoints" name="test_get_stage_files_no_deal" time="0.455" /><testcase classname="backend.tests.test_telegram_and_stages.TestStageEndpoints" name="test_complete_stage_no_deal" time="0.464" /><testcase classname="backend.tests.test_telegram_and_stages.TestStageEndpoints" name="test_stage_messages_with_existing_deal" time="0.381"><skipped type="pytest.skip" message="No existing deal found for testing">/app/backend/tests/test_telegram_and_stages.py:202: No existing deal found for testing</skipped></testcase><testcase classname="backend.tests.test_telegram_and_stages.TestStageEndpoints" name="test_stage_files_with_existing_deal" time="0.400"><skipped type="pytest.skip" message="No existing deal found for testing">/app/backend/tests/test_telegram_and_stages.py:220: No existing deal found for testing</skipped></testcase><testcase classname="backend.tests.test_telegram_and_stages.TestStageEndpoints" name="test_send_stage_message_with_existing_deal" time="0.383"><skipped type="pytest.skip" message="No existing deal found for testing">/app/backend/tests/test_telegram_and_stages.py:238: No existing deal found for testing</skipped></testcase><testcase classname="backend.tests.test_telegram_and_stages.TestStageEndpoints" name="test_upload_stage_file_with_existing_deal" time="0.395"><skipped type="pytest.skip" message="No existing deal found for testing">/app/backend/tests/test_telegram_and_stages.py:258: No existing deal found for testing</skipped></testcase><testcase classname="backend.tests.test_telegram_and_stages.TestStageEndpoints" name="test_complete_stage_with_existing_deal" time="0.368"><skipped type="pytest.skip" message="No existing deal found for testing">/app/backend/tests/test_telegram_and_stages.py:289: No existing deal found for testing</skipped></testcase><testcase classname="backend.tests.test_telegram_and_stages.TestStageEndpoints" name="test_stage_endpoints_require_auth" time="0.624" /><testcase classname="backend.tests.test_telegram_and_stages.TestDealCreationForStages" name="test_create_car_and_deal_for_stage_testing" time="1.286" /></testsuite></testsuites>