<?xml version="1.0" encoding="utf-8"?><testsuites name="pytest tests"><testsuite name="pytest" errors="0" failures="0" skipped="3" tests="17" time="11.336" timestamp="2026-03-13T08:33:07.625477+00:00" hostname="agent-env-42a8b103-3a71-445f-9c66-4b4f4fbd520f"><testcase classname="backend.tests.test_telegram_two_way_messaging.TestTelegramWebhookCallbackQuery" name="test_webhook_callback_reply_button" time="1.007" /><testcase classname="backend.tests.test_telegram_two_way_messaging.TestTelegramWebhookCallbackQuery" name="test_webhook_callback_select_chat" time="0.840" /><testcase classname="backend.tests.test_telegram_two_way_messaging.TestTelegramWebhookCallbackQuery" name="test_webhook_callback_invalid_action" time="0.463" /><testcase classname="backend.tests.test_telegram_two_way_messaging.TestTelegramWebhookCommands" name="test_webhook_start_command" time="0.884" /><testcase classname="backend.tests.test_telegram_two_way_messaging.TestTelegramWebhookCommands" name="test_webhook_start_with_verification_code" time="0.837" /><testcase classname="backend.tests.test_telegram_two_way_messaging.TestTelegramWebhookCommands" name="test_webhook_chats_command" time="0.769" /><testcase classname="backend.tests.test_telegram_two_way_messaging.TestTelegramWebhookCommands" name="test_webhook_cancel_command" time="0.772" /><testcase classname="backend.tests.test_telegram_two_way_messaging.TestTelegramWebhookCommands" name="test_webhook_help_command" time="0.851" /><testcase classname="backend.tests.test_telegram_two_way_messaging.TestTelegramWebhookRegularMessages" name="test_webhook_regular_message_no_context" time="0.768" /><testcase classname="backend.tests.test_telegram_two_way_messaging.TestTelegramWebhookRegularMessages" name="test_webhook_empty_message" time="0.804" /><testcase classname="backend.tests.test_telegram_two_way_messaging.TestTelegramWebhookRegularMessages" name="test_webhook_message_with_photo" time="0.802" /><testcase classname="backend.tests.test_telegram_two_way_messaging.TestTelegramWebhookIntegration" name="test_full_reply_flow" time="0.380"><skipped type="pytest.skip" message="No existing deal for integration test">/app/backend/tests/test_telegram_two_way_messaging.py:453: No existing deal for integration test</skipped></testcase><testcase classname="backend.tests.test_telegram_two_way_messaging.TestTelegramWebhookIntegration" name="test_webhook_malformed_payload" time="0.469" /><testcase classname="backend.tests.test_telegram_two_way_messaging.TestTelegramWebhookIntegration" name="test_webhook_callback_missing_parts" time="0.431" /><testcase classname="backend.tests.test_telegram_two_way_messaging.TestTelegramServiceFunctions" name="test_notify_new_message_includes_reply_button" time="0.371"><skipped type="pytest.skip" message="No deals available for testing">/app/backend/tests/test_telegram_two_way_messaging.py:567: No deals available for testing</skipped></testcase><testcase classname="backend.tests.test_telegram_two_way_messaging.TestTelegramServiceFunctions" name="test_webhook_endpoint_exists" time="0.421" /><testcase classname="backend.tests.test_telegram_two_way_messaging.TestDealMessagesFromTelegram" name="test_messages_endpoint_returns_source_field" time="0.399"><skipped type="pytest.skip" message="No deal available for testing">/app/backend/tests/test_telegram_two_way_messaging.py:626: No deal available for testing</skipped></testcase></testsuite></testsuites>